c:\users\james\documents\visual studio 2017\projects\adventuregamew1591855\adventuregamew1591855\debug\adventuregamew1591855.pch
c:\users\james\documents\visual studio 2017\projects\adventuregamew1591855\adventuregamew1591855\debug\vc141.pdb
c:\users\james\documents\visual studio 2017\projects\adventuregamew1591855\adventuregamew1591855\debug\vc141.idb
c:\users\james\documents\visual studio 2017\projects\adventuregamew1591855\adventuregamew1591855\debug\stdafx.obj
c:\users\james\documents\visual studio 2017\projects\adventuregamew1591855\adventuregamew1591855\debug\additionalfunctions.obj
c:\users\james\documents\visual studio 2017\projects\adventuregamew1591855\adventuregamew1591855\debug\adventuregame.obj
c:\users\james\documents\visual studio 2017\projects\adventuregamew1591855\adventuregamew1591855\debug\adventuregamew1591855.obj
c:\users\james\documents\visual studio 2017\projects\adventuregamew1591855\adventuregamew1591855\debug\adventureroom.obj
c:\users\james\documents\visual studio 2017\projects\adventuregamew1591855\adventuregamew1591855\debug\book.obj
c:\users\james\documents\visual studio 2017\projects\adventuregamew1591855\adventuregamew1591855\debug\door.obj
c:\users\james\documents\visual studio 2017\projects\adventuregamew1591855\adventuregamew1591855\debug\key.obj
c:\users\james\documents\visual studio 2017\projects\adventuregamew1591855\adventuregamew1591855\debug\motiontableentry.obj
c:\users\james\documents\visual studio 2017\projects\adventuregamew1591855\adventuregamew1591855\debug\object.obj
c:\users\james\documents\visual studio 2017\projects\adventuregamew1591855\adventuregamew1591855\debug\player.obj
c:\users\james\documents\visual studio 2017\projects\adventuregamew1591855\debug\adventuregamew1591855.ilk
c:\users\james\documents\visual studio 2017\projects\adventuregamew1591855\debug\adventuregamew1591855.exe
c:\users\james\documents\visual studio 2017\projects\adventuregamew1591855\debug\adventuregamew1591855.pdb
c:\users\james\documents\visual studio 2017\projects\adventuregamew1591855\adventuregamew1591855\debug\adventur.f150d6f9.tlog\cl.command.1.tlog
c:\users\james\documents\visual studio 2017\projects\adventuregamew1591855\adventuregamew1591855\debug\adventur.f150d6f9.tlog\cl.read.1.tlog
c:\users\james\documents\visual studio 2017\projects\adventuregamew1591855\adventuregamew1591855\debug\adventur.f150d6f9.tlog\cl.write.1.tlog
c:\users\james\documents\visual studio 2017\projects\adventuregamew1591855\adventuregamew1591855\debug\adventur.f150d6f9.tlog\link.command.1.tlog
c:\users\james\documents\visual studio 2017\projects\adventuregamew1591855\adventuregamew1591855\debug\adventur.f150d6f9.tlog\link.read.1.tlog
c:\users\james\documents\visual studio 2017\projects\adventuregamew1591855\adventuregamew1591855\debug\adventur.f150d6f9.tlog\link.write.1.tlog
